"../../../Engine/Content/Maps/Templates/Thumbnails/Default.uasset" 0
"../../../Engine/Content/Maps/Templates/Thumbnails/VR-Basic.uasset" 1
"../../../Engine/Content/MobileResources/T_MobileControls_texture.uasset" 2
"../../../Engine/Content/MobileResources/T_MobileMenu2.uasset" 3
"../../../Engine/Content/MobileResources/HUD/MobileHUDDirectionPad3.uasset" 4
"../../../Engine/Content/MobileResources/HUD/MobileHUDButton2_off.uasset" 5
"../../../Engine/Content/MobileResources/HUD/MobileHUDButton3.uasset" 6
"../../../Engine/Content/MobileResources/HUD/T_Castle_ThumbstickInner.uasset" 7
"../../../Engine/Content/MobileResources/HUD/MobileHUDDirectionStick.uasset" 8
"../../../Engine/Content/MobileResources/HUD/VirtualJoystick_Background.uasset" 9
"../../../Engine/Content/MobileResources/HUD/VirtualJoystick_Thumb.uasset" 10
"../../../Engine/Content/MobileResources/HUD/DefaultVirtualJoysticks.uasset" 11
"../../../Engine/Content/MobileResources/HUD/T_Castle_ThumbstickOutter.uasset" 12
"../../../Engine/Content/MobileResources/HUD/MobileHUDButton2_on.uasset" 13
"../../../Engine/Content/MobileResources/HUD/MobileHUDDirectionPad2.uasset" 14
"../../../Engine/Content/MobileResources/HUD/MobileHUDDirectionPad.uasset" 15
"../../../Engine/Content/MobileResources/HUD/AnalogHat.uasset" 16
"../../../Engine/Content/MobileResources/HUD/MobileHUDButton1_on.uasset" 17
"../../../Engine/Content/MobileResources/HUD/MobileHUDButtonFire.uasset" 18
"../../../Engine/Content/MobileResources/HUD/LeftVirtualJoystickOnly.uasset" 19
"../../../Engine/Content/MobileResources/HUD/MobileHUDButton1_off.uasset" 20
"../../../Engine/Content/Tutorial/ContentIntroCurve.uasset" 21
"../../../Engine/Content/Tutorial/Basics/TutorialAssets/icon_tab_Levels_40x.uasset" 22
"../../../Engine/Content/Tutorial/Basics/LevelEditorOverview.uasset" 23
"../../../Engine/Content/Tutorial/Basics/LevelEditorAttract.uasset" 24
"../../../Engine/Content/Tutorial/Installation/InstallingXCodeTutorial.uasset" 25
"../../../Engine/Content/EngineResources/DefaultTextureCube.uasset" 26
"../../../Engine/Content/EngineResources/DefaultTexture.uasset" 27
"../../../Engine/Content/EngineResources/Black.uasset" 28
"../../../Engine/Content/EngineResources/DefaultVolumeTexture2D.uasset" 29
"../../../Engine/Content/EngineResources/DefaultVolumeTexture.uasset" 30
"../../../Engine/Content/EngineResources/StreamingPauseIcon.uasset" 31
"../../../Engine/Content/EngineResources/M_StreamingPause.uasset" 32
"../../../Engine/Content/EngineResources/GradientTexture0.uasset" 33
"../../../Engine/Content/EditorLandscapeResources/DataLayer.uasset" 34
"../../../Engine/Content/EditorLandscapeResources/LandscapeGizmo_Mat.uasset" 35
"../../../Engine/Content/EditorLandscapeResources/LandscapeGizmo_Mat_Copied.uasset" 36
"../../../Engine/Content/EditorLandscapeResources/SplineEditorMeshMat.uasset" 37
"../../../Engine/Content/EditorLandscapeResources/SplineEditorMesh.uasset" 38
"../../../Engine/Content/EditorLandscapeResources/LandscapeGizmoHeight_Mat.uasset" 39
"../../../Engine/Content/EditorLandscapeResources/DefaultAlphaTexture.uasset" 40
"../../../Engine/Content/EditorSounds/Notifications/CompileSuccess.uasset" 41
"../../../Engine/Content/EditorSounds/Notifications/CompileSuccess_Cue.uasset" 42
"../../../Engine/Content/EditorSounds/Notifications/CompileFailed.uasset" 43
"../../../Engine/Content/EditorSounds/Notifications/CompileFailed_Cue.uasset" 44
"../../../Engine/Content/EditorSounds/Notifications/CompileStart_Cue.uasset" 45
"../../../Engine/Content/EditorMeshes/EditorCube.uasset" 46
"../../../Engine/Content/EditorMeshes/EditorPlane.uasset" 47
"../../../Engine/Content/EditorResources/MatineeCam_D.uasset" 48
"../../../Engine/Content/EditorMaterials/MatineeCam_mat.uasset" 49
"../../../Engine/Content/EditorMeshes/MatineeCam_SM.uasset" 50
"../../../Engine/Content/EditorMeshes/EditorCylinder.uasset" 51
"../../../Engine/Content/EditorMaterials/Thumbnails/SkySphereMaterial.uasset" 52
"../../../Engine/Content/EditorMeshes/EditorSkySphere.uasset" 53
"../../../Engine/Content/Functions/Engine_MaterialFunctions01/Opacity/CameraDepthFade.uasset" 54
"../../../Engine/Content/EngineMaterials/T_Default_Material_Grid_M.uasset" 55
"../../../Engine/Content/EngineMaterials/T_Default_Material_Grid_N.uasset" 56
"../../../Engine/Content/EngineMaterials/WorldGridMaterial.uasset" 57
"../../../Engine/Content/EditorMeshes/PlanarReflectionPlane.uasset" 58
"../../../Engine/Content/EditorMeshes/EditorSphere.uasset" 59
"../../../Engine/Content/EditorMaterials/Camera/CineMat.uasset" 60
"../../../Engine/Content/EditorMaterials/Camera/MI_CineMat_Rig.uasset" 61
"../../../Engine/Content/EditorMeshes/Camera/SM_CraneRig_Body.uasset" 62
"../../../Engine/Content/EditorMeshes/Camera/SM_RailRig_Mount.uasset" 63
"../../../Engine/Content/EditorMaterials/Camera/MI_CineMat_CameraBody.uasset" 64
"../../../Engine/Content/EngineDebugMaterials/M_SimpleOpaque.uasset" 65
"../../../Engine/Content/EditorMaterials/Camera/MI_CineMat_CamViewFinder.uasset" 66
"../../../Engine/Content/EditorMeshes/Camera/SM_CineCam.uasset" 67
"../../../Engine/Content/EditorMeshes/Camera/SM_CraneRig_Base.uasset" 68
"../../../Engine/Content/EditorMeshes/Camera/SM_CraneRig_Mount.uasset" 69
"../../../Engine/Content/EditorMeshes/Camera/SM_CraneRig_Arm.uasset" 70
"../../../Engine/Content/EditorMeshes/Camera/SM_RailRig_Track.uasset" 71
"../../../Engine/Content/EditorMeshes/ColorCalibrator/M_ChromeBall.uasset" 72
"../../../Engine/Content/EngineFonts/Faces/RobotoTiny.uasset" 73
"../../../Engine/Content/EngineFonts/RobotoTiny.uasset" 74
"../../../Engine/Content/EngineFonts/SmallFont.uasset" 75
"../../../Engine/Content/EngineFonts/Faces/RobotoBold.uasset" 76
"../../../Engine/Content/EngineFonts/Faces/RobotoBoldItalic.uasset" 77
"../../../Engine/Content/EngineFonts/Faces/RobotoItalic.uasset" 78
"../../../Engine/Content/EngineFonts/Faces/RobotoLight.uasset" 79
"../../../Engine/Content/EngineFonts/Faces/RobotoRegular.uasset" 80
"../../../Engine/Content/EngineFonts/Roboto.uasset" 81
"../../../Engine/Content/EngineFonts/TinyFont.uasset" 82
"../../../Engine/Content/EngineDamageTypes/DmgTypeBP_Environmental.uasset" 83
"../../../Engine/Content/ArtTools/RenderToTexture/Meshes/S_1_Unit_Plane.uasset" 84
"../../../Engine/Content/Animation/DefaultAnimCurveCompressionSettings.uasset" 85
"../../../Engine/Content/EngineResources/WhiteSquareTexture.uasset" 86
"../../../Engine/Content/EngineMaterials/Widget3DPassThrough.uasset" 87
"../../../Engine/Content/EngineMaterials/Widget3DPassThrough_Masked.uasset" 88
"../../../Engine/Content/EngineMaterials/WeightMapPlaceholderTexture.uasset" 89
"../../../Engine/Content/EngineMaterials/Widget3DPassThrough_Translucent.uasset" 90
"../../../Engine/Content/EngineMaterials/Widget3DPassThrough_Translucent_OneSided.uasset" 91
"../../../Engine/Content/EngineMaterials/PaperDiffuse.uasset" 92
"../../../Engine/Content/EngineMaterials/BlinkingCaret.uasset" 93
"../../../Engine/Content/EngineMaterials/EditorBrushMaterial.uasset" 94
"../../../Engine/Content/EngineMaterials/PaperNormal.uasset" 95
"../../../Engine/Content/Functions/Engine_MaterialFunctions02/WorldPositionOffset/CameraOffset.uasset" 96
"../../../Engine/Content/EngineMaterials/PhAT_JointLimitMaterial.uasset" 97
"../../../Engine/Content/EngineMaterials/DefaultNormal.uasset" 98
"../../../Engine/Content/Functions/Engine_MaterialFunctions02/Utility/BreakOutFloat2Components.uasset" 99
"../../../Engine/Content/EngineMaterials/HighResScreenshotCaptureRegion.uasset" 100
"../../../Engine/Content/EngineMaterials/LandscapeHolePhysicalMaterial.uasset" 101
"../../../Engine/Content/EngineMaterials/Widget3DPassThrough_Opaque.uasset" 102
"../../../Engine/Content/EngineMaterials/Widget3DPassThrough_Masked_OneSided.uasset" 103
"../../../Engine/Content/EngineMaterials/DefaultBloomKernel.uasset" 104
"../../../Engine/Content/EngineMaterials/HighResolutionScreenshotMaskFunction.uasset" 105
"../../../Engine/Content/EngineMaterials/HighResScreenshot.uasset" 106
"../../../Engine/Content/EngineMaterials/RemoveSurfaceMaterial.uasset" 107
"../../../Engine/Content/EngineMaterials/DefaultDiffuse.uasset" 108
"../../../Engine/Content/EngineMaterials/DefaultDeferredDecalMaterial.uasset" 109
"../../../Engine/Content/EngineMaterials/DefaultPostProcessMaterial.uasset" 110
"../../../Engine/Content/EngineMaterials/BaseFlattenDiffuseMap.uasset" 111
"../../../Engine/Content/EngineMaterials/BaseFlattenEmissiveMap.uasset" 112
"../../../Engine/Content/EngineMaterials/BaseFlattenGrayscaleMap.uasset" 113
"../../../Engine/Content/EngineMaterials/BaseFlattenNormalMap.uasset" 114
"../../../Engine/Content/EngineMaterials/BaseFlattenMaterial.uasset" 115
"../../../Engine/Content/EngineMaterials/InvalidLightmapSettings.uasset" 116
"../../../Engine/Content/EngineMaterials/M_InvalidLightmapSettings.uasset" 117
"../../../Engine/Content/EngineMaterials/HighResScreenshotMask.uasset" 118
"../../../Engine/Content/EngineFonts/RobotoDistanceField.uasset" 119
"../../../Engine/Content/EngineMaterials/DefaultTextMaterialOpaque.uasset" 120
"../../../Engine/Content/EngineMaterials/PreintegratedSkinBRDF.uasset" 121
"../../../Engine/Content/EngineMaterials/Widget3DPassThrough_Opaque_OneSided.uasset" 122
"../../../Engine/Content/EngineMaterials/PhysMat_Rubber.uasset" 123
"../../../Engine/Content/EngineMaterials/DefaultBokeh.uasset" 124
"../../../Engine/Content/EngineMaterials/DefaultLightFunctionMaterial.uasset" 125
"../../../Engine/Content/EngineMaterials/Grid_N.uasset" 126
"../../../Engine/Content/EngineDebugMaterials/DebugEditorMaterial.uasset" 127
"../../../Engine/Content/Functions/Engine_MaterialFunctions01/Shading/ConvertFromDiffSpec.uasset" 128
"../../../Engine/Content/EngineDebugMaterials/VertexColorMaterial.uasset" 129
"../../../Engine/Content/EngineDebugMaterials/GeomMaterial.uasset" 130
"../../../Engine/Content/EngineDebugMaterials/WireframeMaterial.uasset" 131
"../../../Engine/Content/EngineDebugMaterials/HeatmapGradient.uasset" 132
"../../../Engine/Content/EngineDebugMaterials/BoneWeightMaterial.uasset" 133
"../../../Engine/Content/EngineDebugMaterials/VertexColorViewMode_BlueOnly.uasset" 134
"../../../Engine/Content/EngineDebugMaterials/LevelColorationLitMaterial.uasset" 135
"../../../Engine/Content/EngineDebugMaterials/VertexColorViewMode_AlphaAsColor.uasset" 136
"../../../Engine/Content/EngineDebugMaterials/VertexColorViewMode_RedOnly.uasset" 137
"../../../Engine/Content/EngineDebugMaterials/ShadedLevelColorationUnlitMateri.uasset" 138
"../../../Engine/Content/EngineDebugMaterials/ClothMaterial.uasset" 139
"../../../Engine/Content/EngineDebugMaterials/ClothMaterial_WF.uasset" 140
"../../../Engine/Content/EngineDebugMaterials/VertexColorViewMode_GreenOnly.uasset" 141
"../../../Engine/Content/EngineMaterials/DefaultWhiteGrid.uasset" 142
"../../../Engine/Content/EngineDebugMaterials/MAT_LevelColorationLitLightmapUV.uasset" 143
"../../../Engine/Content/EngineDebugMaterials/DebugMeshMaterial.uasset" 144
"../../../Engine/Content/EngineDebugMaterials/VertexColorViewMode_ColorOnly.uasset" 145
"../../../Engine/Content/EngineDebugMaterials/M_SimpleTranslucent.uasset" 146
"../../../Engine/Content/EngineDebugMaterials/LevelColorationUnlitMaterial.uasset" 147
"../../../Engine/Content/EngineDebugMaterials/ShadedLevelColorationLitMaterial.uasset" 148
"../../../Engine/Content/EditorResources/S_Emitter.uasset" 149
"../../../Engine/Content/EditorResources/S_LevelSequence.uasset" 150
"../../../Engine/Content/EditorResources/S_Thruster.uasset" 151
"../../../Engine/Content/EditorResources/S_WindDirectional.uasset" 152
"../../../Engine/Content/EditorResources/S_KBSJoint.uasset" 153
"../../../Engine/Content/EditorResources/S_ReflActorIcon.uasset" 154
"../../../Engine/Content/EditorResources/Bad.uasset" 155
"../../../Engine/Content/EditorResources/S_DecalActorIcon.uasset" 156
"../../../Engine/Content/EditorResources/SmallFont.uasset" 157
"../../../Engine/Content/EditorResources/S_Player.uasset" 158
"../../../Engine/Content/EditorResources/S_KPrismatic.uasset" 159
"../../../Engine/Content/EditorResources/S_Note.uasset" 160
"../../../Engine/Content/EditorResources/S_VectorFieldVol.uasset" 161
"../../../Engine/Content/EditorResources/S_NavP.uasset" 162
"../../../Engine/Content/EditorResources/S_KHinge.uasset" 163
"../../../Engine/Content/EditorResources/S_ExpoHeightFog.uasset" 164
"../../../Engine/Content/EditorResources/S_FTest.uasset" 165
"../../../Engine/Content/EditorResources/S_PortalActorIcon2.uasset" 166
"../../../Engine/Content/EditorResources/SceneManager.uasset" 167
"../../../Engine/Content/EditorResources/S_TextRenderActorIcon.uasset" 168
"../../../Engine/Content/EditorResources/S_RadForce.uasset" 169
"../../../Engine/Content/EditorResources/S_Terrain.uasset" 170
"../../../Engine/Content/EditorResources/S_Trigger.uasset" 171
"../../../Engine/Content/EditorResources/S_Actor.uasset" 172
"../../../Engine/Content/EditorResources/EmptyActor.uasset" 173
"../../../Engine/Content/EditorResources/BSPVertex.uasset" 174
"../../../Engine/Content/EditorResources/MatInstActSprite.uasset" 175
"../../../Engine/Content/EditorResources/SequenceRecorder/Countdown.uasset" 176
"../../../Engine/Content/EditorResources/SequenceRecorder/RecordingIndicator.uasset" 177
"../../../Engine/Content/EditorResources/AI/S_NavLink.uasset" 178
"../../../Engine/Content/EditorResources/Spline/T_Loft_Spline.uasset" 179
"../../../Engine/Content/EditorResources/LightIcons/S_LightError.uasset" 180
"../../../Engine/Content/EditorResources/LightIcons/S_LightSpot.uasset" 181
"../../../Engine/Content/EditorResources/LightIcons/S_LightSpotMove.uasset" 182
"../../../Engine/Content/EditorResources/LightIcons/SkyLight.uasset" 183
"../../../Engine/Content/EditorResources/LightIcons/S_LightPoint.uasset" 184
"../../../Engine/Content/EditorResources/LightIcons/S_LightPointMove.uasset" 185
"../../../Engine/Content/EditorResources/LightIcons/S_LightDirectional.uasset" 186
"../../../Engine/Content/EditorResources/LightIcons/S_LightDirectionalMove.uasset" 187
"../../../Engine/Content/EngineMaterials/DefaultMaterial.uasset" 188
"../../../Engine/Content/BasicShapes/Cone.uasset" 189
"../../../Engine/Content/BasicShapes/Cube.uasset" 190
"../../../Engine/Content/BasicShapes/Cylinder.uasset" 191
"../../../Engine/Content/BasicShapes/Plane.uasset" 192
"../../../Engine/Content/BasicShapes/Sphere.uasset" 193
"../../../Engine/Content/Functions/Engine_MaterialFunctions01/Texturing/ScaleUVsByCenter.uasset" 194
"../../../Engine/Content/Functions/Engine_MaterialFunctions02/ScreenResolution.uasset" 195
"../../../Engine/Content/Functions/Engine_MaterialFunctions02/Texturing/ScreenAlignedUVs.uasset" 196
"../../../Engine/Content/Functions/Engine_MaterialFunctions02/Utility/MakeFloat2.uasset" 197
"../../../Engine/Content/Functions/Engine_MaterialFunctions02/Utility/MakeFloat3.uasset" 198
"../../../Engine/Content/EngineMaterials/MiniFont.uasset" 199
"../../../Engine/Content/BufferVisualization/CustomStencil.uasset" 200
"../../../Engine/Content/BufferVisualization/LightingModel.uasset" 201
"../../../Engine/Content/BufferVisualization/SubsurfaceColor.uasset" 202
"../../../Engine/Content/BufferVisualization/WorldNormal.uasset" 203
"../../../Engine/Content/Functions/Engine_MaterialFunctions02/Utility/VectorLength.uasset" 204
"../../../Engine/Content/BufferVisualization/SceneDepthWorldUnits.uasset" 205
"../../../Engine/Content/BufferVisualization/Opacity.uasset" 206
"../../../Engine/Content/BufferVisualization/SeparateTranslucencyRGB.uasset" 207
"../../../Engine/Content/BufferVisualization/BaseColor.uasset" 208
"../../../Engine/Content/BufferVisualization/Metallic.uasset" 209
"../../../Engine/Content/BufferVisualization/Velocity.uasset" 210
"../../../Engine/Content/BufferVisualization/MaterialAO.uasset" 211
"../../../Engine/Content/BufferVisualization/SeparateTranslucencyA.uasset" 212
"../../../Engine/Content/BufferVisualization/SceneDepth.uasset" 213
"../../../Engine/Content/BufferVisualization/Specular.uasset" 214
"../../../Engine/Content/BufferVisualization/PostTonemapHDRColor.uasset" 215
"../../../Engine/Content/BufferVisualization/SceneColor.uasset" 216
"../../../Engine/Content/BufferVisualization/PreTonemapHDRColor.uasset" 217
"../../../Engine/Content/BufferVisualization/FinalImage.uasset" 218
"../../../Engine/Content/EngineMaterials/DefaultPhysicalMaterial.uasset" 219
"../../../Engine/Content/BufferVisualization/AmbientOcclusion.uasset" 220
"../../../Engine/Content/BufferVisualization/CustomDepth.uasset" 221
"../../../Engine/Content/BufferVisualization/Roughness.uasset" 222
"../../../Engine/Content/BufferVisualization/CustomDepthWorldUnits.uasset" 223
"../../../Engine/Content/Functions/Engine_MaterialFunctions01/Shading/PowerToRoughness.uasset" 224
"../../../Engine/Content/EditorMaterials/Tick.uasset" 225
"../../../Engine/Content/EditorMaterials/Tick_Mat.uasset" 226
"../../../Engine/Content/EditorMaterials/WidgetMaterial_X.uasset" 227
"../../../Engine/Content/EditorMaterials/WidgetMaterial_Z.uasset" 228
"../../../Engine/Content/EditorMaterials/PreviewShadowIndicator.uasset" 229
"../../../Engine/Content/EditorMaterials/PreviewShadowIndicatorMaterial.uasset" 230
"../../../Engine/Content/EditorMaterials/GizmoMaterial.uasset" 231
"../../../Engine/Content/EditorMaterials/WidgetMaterial.uasset" 232
"../../../Engine/Content/EditorMaterials/PhAT_NoCollisionMaterial.uasset" 233
"../../../Engine/Content/EditorMaterials/PhAT_BoneSelectedMaterial.uasset" 234
"../../../Engine/Content/EditorMaterials/Cross.uasset" 235
"../../../Engine/Content/EditorMaterials/Cross_Mat.uasset" 236
"../../../Engine/Content/Functions/Engine_MaterialFunctions02/ExampleContent/Textures/flipbook.uasset" 237
"../../../Engine/Content/Functions/Engine_MaterialFunctions02/Texturing/FlipBook.uasset" 238
"../../../Engine/Content/Functions/Engine_MaterialFunctions02/Utility/Sign.uasset" 239
"../../../Engine/Content/Functions/Engine_MaterialFunctions02/Utility/Round.uasset" 240
"../../../Engine/Content/EditorResources/T_EditorHelp.uasset" 241
"../../../Engine/Content/EditorMaterials/HelpActorMaterial.uasset" 242
"../../../Engine/Content/EditorMaterials/WidgetMaterial_Y.uasset" 243
"../../../Engine/Content/EditorMaterials/TargetIcon.uasset" 244
"../../../Engine/Content/EditorMaterials/WidgetVertexColorMaterial.uasset" 245
"../../../Engine/Content/EditorMaterials/WidgetMaterial_Current.uasset" 246
"../../../Engine/Content/EditorMaterials/CompositeARGBLayer.uasset" 247
"../../../Engine/Content/EditorMaterials/TilingAALineIntegral.uasset" 248
"../../../Engine/Content/EditorMaterials/TilingAALineBoxFiltered.uasset" 249
"../../../Engine/Content/Functions/Engine_MaterialFunctions03/Procedurals/ComputeFilterWidth.uasset" 250
"../../../Engine/Content/EditorMaterials/TilingAADots.uasset" 251
"../../../Engine/Content/EngineMaterials/BlendFunc_DefBase.uasset" 252
"../../../Engine/Content/EngineMaterials/BlendFunc_DefBlend.uasset" 253
"../../../Engine/Content/Functions/Engine_MaterialFunctions03/Blends/Blend_Screen.uasset" 254
"../../../Engine/Content/EditorMaterials/TilingAAGrid.uasset" 255
"../../../Engine/Content/EditorMaterials/LevelGridMaterial.uasset" 256
"../../../Engine/Content/EditorMaterials/MAT_Groups_Toggle.uasset" 257
"../../../Engine/Content/EditorMaterials/PhAT_ElemSelectedMaterial.uasset" 258
"../../../Engine/Content/EditorMaterials/WidgetGridVertexColorMaterial.uasset" 259
"../../../Engine/Content/EditorMaterials/WidgetGridVertexColorMaterial_Ma.uasset" 260
"../../../Engine/Content/EditorMaterials/PhAT_UnselectedMaterial.uasset" 261
"../../../Engine/Content/EditorMaterials/MAT_Groups_Visibility.uasset" 262
"../../../Engine/Content/EditorMaterials/MakeCompositeARGBLayer.uasset" 263
"../../../Engine/Content/EditorResources/LevelGrid1DStripes.uasset" 264
"../../../Engine/Content/EditorMaterials/TextureGridCascaded1D.uasset" 265
"../../../Engine/Content/EditorMaterials/TextureGridCascaded2D.uasset" 266
"../../../Engine/Content/EditorMaterials/LevelGridMaterial2.uasset" 267
"../../../Engine/Content/EditorMaterials/ParticleSystems/PSysThumbnail_NoImage.uasset" 268
"../../../Engine/Content/EditorMaterials/ParticleSystems/PSysThumbnail_OOD.uasset" 269
"../../../Engine/Content/EditorMaterials/MatineeGroups/MAT_Groups_Vector.uasset" 270
"../../../Engine/Content/EditorMaterials/MatineeGroups/MAT_ColorTrack.uasset" 271
"../../../Engine/Content/EditorMaterials/MatineeGroups/MAT_Groups_AudioMaster.uasset" 272
"../../../Engine/Content/EditorMaterials/MatineeGroups/MAT_Groups_Sound.uasset" 273
"../../../Engine/Content/EditorMaterials/MatineeGroups/MAT_Groups_Float.uasset" 274
"../../../Engine/Content/EditorMaterials/MatineeGroups/MAT_Groups_Director.uasset" 275
"../../../Engine/Content/EditorMaterials/MatineeGroups/MAT_Groups_Move.uasset" 276
"../../../Engine/Content/EditorMaterials/MatineeGroups/MAT_Groups_Event.uasset" 277
"../../../Engine/Content/EditorMaterials/MatineeGroups/MAT_Groups_Fade.uasset" 278
"../../../Engine/Content/EditorMaterials/MatineeGroups/MAT_Groups_Anim.uasset" 279
"../../../Engine/Content/EditorMaterials/MatineeGroups/MAT_Groups_Slomo.uasset" 280
"../../../Engine/Content/EngineMaterials/Grid.uasset" 281
"../../../Engine/Content/EditorMaterials/Thumbnails/FloorPlaneMaterial.uasset" 282
"../../../Engine/Content/EngineSounds/Master.uasset" 283
"../../../Engine/Content/EngineMeshes/Cylinder.uasset" 284
"../../../Engine/Content/EngineMeshes/Sphere.uasset" 285
"../../../Engine/Content/VREditor/LaserPointer/VR_LaserPower_01.uasset" 286
"../../../Engine/Content/VREditor/TransformGizmo/TransformGizmoMaterial.uasset" 287
"../../../Engine/Content/VREditor/TransformGizmo/TranslucentTransformGizmoMaterial.uasset" 288
"../../../Engine/Content/VREditor/TransformGizmo/PlaneTranslationHandle.uasset" 289
"../../../Engine/Content/VREditor/TransformGizmo/Main.uasset" 290
"../../../Engine/Content/VREditor/TransformGizmo/Xray.uasset" 291
"../../../Engine/Content/VREditor/TransformGizmo/SM_Sequencer_Key.uasset" 292
"../../../Engine/Content/VREditor/TransformGizmo/BoundingBoxCorner.uasset" 293
"../../../Engine/Content/VREditor/TransformGizmo/SM_Sequencer_Node.uasset" 294
"../../../Engine/Content/VREditor/TransformGizmo/BoundingBoxEdge.uasset" 295
"../../../Engine/Content/MapTemplates/Sky/DaylightAmbientCubemap.uasset" 296
"../../../../../../noahmelrose/Documents/Unreal Projects/Persona/Content/Locomotion/Audio/Footsteps/Concrete/Concrete_Step_03.uasset" 297
"../../../../../../noahmelrose/Documents/Unreal Projects/Persona/Content/Locomotion/Audio/Footsteps/Concrete/Concrete_Pivot_02.uasset" 298
"../../../../../../noahmelrose/Documents/Unreal Projects/Persona/Content/Locomotion/Audio/Footsteps/Concrete/Concrete_Step_01.uasset" 299
"../../../../../../noahmelrose/Documents/Unreal Projects/Persona/Content/Locomotion/Audio/Footsteps/Concrete/Concrete_Walk_04.uasset" 300
"../../../../../../noahmelrose/Documents/Unreal Projects/Persona/Content/Locomotion/Audio/Footsteps/Concrete/Concrete_Run_03.uasset" 301
"../../../../../../noahmelrose/Documents/Unreal Projects/Persona/Content/Locomotion/Audio/Footsteps/Concrete/Concrete_Walk_02.uasset" 302
"../../../../../../noahmelrose/Documents/Unreal Projects/Persona/Content/Locomotion/Audio/Footsteps/Concrete/Concrete_Run_01.uasset" 303
"../../../../../../noahmelrose/Documents/Unreal Projects/Persona/Content/Locomotion/Audio/Footsteps/Concrete/Concrete_Pivot_04.uasset" 304
"../../../../../../noahmelrose/Documents/Unreal Projects/Persona/Content/Locomotion/Audio/Footsteps/Concrete/Concrete_Pivot_01.uasset" 305
"../../../../../../noahmelrose/Documents/Unreal Projects/Persona/Content/Locomotion/Audio/Footsteps/Concrete/Concrete_Run_04.uasset" 306
"../../../../../../noahmelrose/Documents/Unreal Projects/Persona/Content/Locomotion/Audio/Footsteps/Concrete/Concrete_Step_02.uasset" 307
"../../../../../../noahmelrose/Documents/Unreal Projects/Persona/Content/Locomotion/Audio/Footsteps/Concrete/Concrete_Walk_05.uasset" 308
"../../../../../../noahmelrose/Documents/Unreal Projects/Persona/Content/Locomotion/Audio/Footsteps/Concrete/Concrete_Pivot_03.uasset" 309
"../../../../../../noahmelrose/Documents/Unreal Projects/Persona/Content/Locomotion/Audio/Footsteps/Concrete/Concrete_Run_02.uasset" 310
"../../../../../../noahmelrose/Documents/Unreal Projects/Persona/Content/Locomotion/Audio/Footsteps/Concrete/Concrete_Walk_01.uasset" 311
"../../../../../../noahmelrose/Documents/Unreal Projects/Persona/Content/Locomotion/Audio/Footsteps/Concrete/Concrete_Walk_03.uasset" 312
"../../../Engine/Content/Functions/Engine_MaterialFunctions01/AlphaBlend/WorldAlignedBlend.uasset" 313
"../../../Engine/Content/Functions/Engine_MaterialFunctions01/Gradient/LinearGradient.uasset" 314
"../../../Engine/Content/Functions/Engine_MaterialFunctions01/ImageAdjustment/CheapContrast.uasset" 315
"../../../Engine/Content/Functions/Engine_MaterialFunctions02/WorldPositionOffset/ObjectScale.uasset" 316
"../../../Engine/Content/Functions/Engine_MaterialFunctions03/ComplexMotion/Motion_4WayChaos.uasset" 317
"../../Plugins/Marketplace/UIWS/Content/MPC_UIWSWaterBodies.uasset" 318
"../../Plugins/Marketplace/UIWS/Content/Materials/Simulation/SimMatFuncs/MF_UIWSMask_InteractiveRangeClamp.uasset" 319
"../../../Engine/Content/EngineMaterials/FlatNormal.uasset" 320
"../../Plugins/Marketplace/UIWS/Content/Materials/Simulation/UIWSHeightBlank.uasset" 321
"../../Plugins/Marketplace/UIWS/Content/Materials/Simulation/UIWSNormalBLank.uasset" 322
"../../Plugins/Marketplace/UIWS/Content/Materials/MF_UIWS.uasset" 323
"../../Plugins/Marketplace/UIWS/Content/Textures/MarketplaceFreeWaterPack/extratextures/T_Noise_Curves.uasset" 324
"../../Plugins/Marketplace/UIWS/Content/Textures/MarketplaceFreeWaterPack/extratextures/T_Noise_Stormy.uasset" 325
"../../Plugins/Marketplace/UIWS/Content/Textures/MarketplaceFreeWaterPack/extratextures/T_Water_Normal_Subtle.uasset" 326
"../../Plugins/Marketplace/UIWS/Content/Textures/MarketplaceFreeWaterPack/extratextures/T_Waterfall_Foam.uasset" 327
"../../Plugins/Marketplace/UIWS/Content/Textures/MarketplaceFreeWaterPack/extratextures/T_Waterfall_Foam_edgealpha.uasset" 328
"../../Plugins/Marketplace/UIWS/Content/Materials/FlowingRiverMat.uasset" 329
"../../Plugins/Marketplace/UIWS/Content/Materials/FlowingRiverMat_Inst.uasset" 330
"../../Plugins/Marketplace/UIWS/Content/Materials/FlowingRiverMat_Inst_Opaque.uasset" 331
"../../Plugins/Marketplace/UIWS/Content/Materials/Capture/PP_UIWSDepthCheck.uasset" 332
"../../Plugins/Marketplace/UIWS/Content/Materials/Simulation/UIWSHeightSim.uasset" 333
"../../Plugins/Marketplace/UIWS/Content/Materials/Simulation/UIWSHeight0.uasset" 334
"../../../Engine/Content/MaterialTemplates/Textures/T_Noise01.uasset" 335
"../../Plugins/Marketplace/UIWS/Content/Textures/T_MediumWaves_H.uasset" 336
"../../Plugins/Marketplace/UIWS/Content/Textures/T_MediumWavesSoft_N.uasset" 337
"../../Plugins/Marketplace/UIWS/Content/Materials/MaterialFunctions/MF_UIWSLakeRipples.uasset" 338
"../../Plugins/Marketplace/UIWS/Content/Materials/Simulation/SimMatFuncs/MF_UIWSMask_CausticBodyCkamp.uasset" 339
"../../Plugins/Marketplace/UIWS/Content/Materials/Simulation/2ndInfectedMapLinear.uasset" 340
"../../Plugins/Marketplace/UIWS/Content/Materials/Simulation/PP_UnderWater.uasset" 341
"../../Plugins/Marketplace/UIWS/Content/Materials/Simulation/PP_UnderWater_Instinstn.uasset" 342
"../../Plugins/Marketplace/UIWS/Content/Materials/Simulation/UIWSHeightfieldNormal.uasset" 343
"../../Plugins/Marketplace/UIWS/Content/Materials/Simulation/UIWSHeight2.uasset" 344
"../../Plugins/Marketplace/UIWS/Content/Materials/Simulation/circlegradient.uasset" 345
"../../Plugins/Marketplace/UIWS/Content/Textures/T_noise_flamy_Tile.uasset" 346
"../../Plugins/Marketplace/UIWS/Content/Materials/Simulation/UIWSManualSplat.uasset" 347
"../../Plugins/Marketplace/UIWS/Content/Materials/Simulation/T_Black_Linear.uasset" 348
"../../Plugins/Marketplace/UIWS/Content/Materials/Simulation/UIWSForceSplat.uasset" 349
"../../Plugins/Marketplace/UIWS/Content/Materials/Simulation/UIWSHeight1.uasset" 350
"../../Plugins/Marketplace/UIWS/Content/Materials/Simulation/UIWSComputeNormal.uasset" 351
"../../Plugins/Marketplace/UIWS/Content/Materials/Simulation/Meshes/UIWSRiverMesh.uasset" 352
"../../Plugins/Marketplace/UIWS/Content/Textures/T_MediumWaves_N.uasset" 353
"../../Plugins/Marketplace/UIWS/Content/ParticleEffects/DefaultSplashMat.uasset" 354
"../../Plugins/Marketplace/UIWS/Content/ParticleEffects/DefaultSplash.uasset" 355
"../../../Engine/Content/Functions/Engine_MaterialFunctions02/Texturing/ScreenAlignedPixelToPixelUVs.uasset" 356
"../../../Engine/Content/EngineMaterials/Good64x64TilingNoiseHighFreq.uasset" 357
"../../../Engine/Content/Functions/Engine_MaterialFunctions02/Utility/DitherTemporalAA.uasset" 358
"../../Plugins/Marketplace/UIWS/Content/ParticleEffects/DefaultSplashMat1.uasset" 359
"../../Plugins/Marketplace/UIWS/Content/ParticleEffects/Meshes/Water/SM_SplashMesh_02.uasset" 360
"../../Plugins/Marketplace/UIWS/Content/ParticleEffects/P_MeshSplashHit.uasset" 361
"../../Plugins/Marketplace/UIWS/Content/ParticleEffects/P_MeshSplash.uasset" 362
"../../Plugins/2D/Paper2D/Content/DefaultSpriteMaterial.uasset" 363
"../../Plugins/2D/Paper2D/Content/OpaqueUnlitSpriteMaterial.uasset" 364
"../../Plugins/2D/Paper2D/Content/PlaceholderTextures/DummySpriteTexture.uasset" 365
"../../Plugins/2D/Paper2D/Content/DummySprite.uasset" 366
"../../Plugins/2D/Paper2D/Content/DefaultPaperTerrainMaterial.uasset" 367
"../../Plugins/2D/Paper2D/Content/MaskedUnlitSpriteMaterial.uasset" 368
"../../../Engine/Content/Maps/Entry_BuiltData.uasset" 369
"../../../Engine/Content/Maps/Entry.umap" 370
"../../../Engine/Content/EditorBlueprintResources/StandardMacros.uasset" 371
"../../../../../../noahmelrose/Documents/Unreal Projects/Persona/Content/Locomotion/Audio/Footsteps/Footstep_Cue.uasset" 372
"../../../../../../noahmelrose/Documents/Unreal Projects/Persona/Content/Locomotion/Blueprints/Enums/FootstepType.uasset" 373
"../../../../../../noahmelrose/Documents/Unreal Projects/Persona/Content/Locomotion/Blueprints/AnimNotifys/Footstep_AnimNotify.uasset" 374
"../../../../../../noahmelrose/Documents/Unreal Projects/Persona/Content/Locomotion/Blueprints/Enums/ALS_Gait.uasset" 375
"../../../../../../noahmelrose/Documents/Unreal Projects/Persona/Content/Locomotion/Blueprints/Enums/ALS_MovementMode.uasset" 376
"../../../../../../noahmelrose/Documents/Unreal Projects/Persona/Content/Locomotion/Blueprints/Enums/ALS_RotationMode.uasset" 377
"../../../../../../noahmelrose/Documents/Unreal Projects/Persona/Content/Locomotion/Blueprints/Enums/ALS_Stance.uasset" 378
"../../../../../../noahmelrose/Documents/Unreal Projects/Persona/Content/Locomotion/Blueprints/Enums/ALS_ViewMode.uasset" 379
"../../../../../../noahmelrose/Documents/Unreal Projects/Persona/Content/Locomotion/Blueprints/Enums/IdleEntryState.uasset" 380
"../../../../../../noahmelrose/Documents/Unreal Projects/Persona/Content/Locomotion/Blueprints/Enums/MovementDirection.uasset" 381
"../../../../../../noahmelrose/Documents/Unreal Projects/Persona/Content/Locomotion/Blueprints/Structs/ALS_PivotParams.uasset" 382
"../../../../../../noahmelrose/Documents/Unreal Projects/Persona/Content/Locomotion/Blueprints/ALS_Interface.uasset" 383
"../../../../../../noahmelrose/Documents/Unreal Projects/Persona/Content/Locomotion/Blueprints/AnimNotifys/IdleEntry_AnimNotify.uasset" 384
"../../../../../../noahmelrose/Documents/Unreal Projects/Persona/Content/Locomotion/Blueprints/AnimNotifys/TurnInPlace_AnimNotifyState.uasset" 385
"../../../../../../noahmelrose/Documents/Unreal Projects/Persona/Content/Locomotion/Blueprints/Curves/TurnInPlaceCurves/Turn_L90.uasset" 386
"../../../Engine/Content/EngineMeshes/Humanoid.uasset" 387
"../../../../../../noahmelrose/Documents/Unreal Projects/Persona/Content/Locomotion/Characters/Mannequin/ALS_Mannequin_Skeleton.uasset" 388
"../../../../../../noahmelrose/Documents/Unreal Projects/Persona/Content/Locomotion/Characters/Mannequin/Animations/TurnInPlace/ALS_N_Turn_L90.uasset" 389
"../../../../../../noahmelrose/Documents/Unreal Projects/Persona/Content/Locomotion/Characters/Mannequin/Animations/TurnInPlace/ALS_N_Turn_L90_Montage.uasset" 390
"../../../../../../noahmelrose/Documents/Unreal Projects/Persona/Content/Locomotion/Blueprints/Curves/TurnInPlaceCurves/Turn_R90.uasset" 391
"../../../../../../noahmelrose/Documents/Unreal Projects/Persona/Content/Locomotion/Characters/Mannequin/Animations/TurnInPlace/ALS_N_Turn_R90.uasset" 392
"../../../../../../noahmelrose/Documents/Unreal Projects/Persona/Content/Locomotion/Characters/Mannequin/Animations/TurnInPlace/ALS_N_Turn_R90_Montage.uasset" 393
"../../../../../../noahmelrose/Documents/Unreal Projects/Persona/Content/Locomotion/Blueprints/Curves/CameraLerpCurves/CameraLerp_1.uasset" 394
"../../../../../../noahmelrose/Documents/Unreal Projects/Persona/Content/Locomotion/Blueprints/Curves/CameraLerpCurves/CameraLerp_2.uasset" 395
"../../../../../../noahmelrose/Documents/Unreal Projects/Persona/Content/Locomotion/Blueprints/Curves/CameraLerpCurves/CameraLerp_3.uasset" 396
"../../../../../../noahmelrose/Documents/Unreal Projects/Persona/Content/Locomotion/Blueprints/Structs/ALS_CameraSettings.uasset" 397
"../../../../../../noahmelrose/Documents/Unreal Projects/Persona/Content/Locomotion/Blueprints/Enums/CardinalDirection.uasset" 398
"../../../../../../noahmelrose/Documents/Unreal Projects/Persona/Content/Locomotion/Blueprints/Structs/ALS_CameraSettings_Gait.uasset" 399
"../../../../../../noahmelrose/Documents/Unreal Projects/Persona/Content/Locomotion/Blueprints/Structs/ALS_CameraSettings_Stance.uasset" 400
"../../../../../../noahmelrose/Documents/Unreal Projects/Persona/Content/Locomotion/Blueprints/Structs/ALS_Camera_Targets.uasset" 401
"../../../../../../noahmelrose/Documents/Unreal Projects/Persona/Content/Locomotion/Blueprints/ALS_BaseCharacter.uasset" 402
"../../../../../../noahmelrose/Documents/Unreal Projects/Persona/Content/Locomotion/Characters/Mannequin/Animations/Idles/ALS_N_Idle_Pose.uasset" 403
"../../../../../../noahmelrose/Documents/Unreal Projects/Persona/Content/Locomotion/Characters/Mannequin/Animations/AimOffsets/ALS_N_AO_F.uasset" 404
"../../../../../../noahmelrose/Documents/Unreal Projects/Persona/Content/Locomotion/Characters/Mannequin/Animations/AimOffsets/ALS_N_AO_FD.uasset" 405
"../../../../../../noahmelrose/Documents/Unreal Projects/Persona/Content/Locomotion/Characters/Mannequin/Animations/AimOffsets/ALS_N_AO_FU.uasset" 406
"../../../../../../noahmelrose/Documents/Unreal Projects/Persona/Content/Locomotion/Characters/Mannequin/Animations/AimOffsets/ALS_N_AO_L180.uasset" 407
"../../../../../../noahmelrose/Documents/Unreal Projects/Persona/Content/Locomotion/Characters/Mannequin/Animations/AimOffsets/ALS_N_AO_L90.uasset" 408
"../../../../../../noahmelrose/Documents/Unreal Projects/Persona/Content/Locomotion/Characters/Mannequin/Animations/AimOffsets/ALS_N_AO_LD180.uasset" 409
"../../../../../../noahmelrose/Documents/Unreal Projects/Persona/Content/Locomotion/Characters/Mannequin/Animations/AimOffsets/ALS_N_AO_LD90.uasset" 410
"../../../../../../noahmelrose/Documents/Unreal Projects/Persona/Content/Locomotion/Characters/Mannequin/Animations/AimOffsets/ALS_N_AO_LU180.uasset" 411
"../../../../../../noahmelrose/Documents/Unreal Projects/Persona/Content/Locomotion/Characters/Mannequin/Animations/AimOffsets/ALS_N_AO_LU90.uasset" 412
"../../../../../../noahmelrose/Documents/Unreal Projects/Persona/Content/Locomotion/Characters/Mannequin/Animations/AimOffsets/ALS_N_AO_R180.uasset" 413
"../../../../../../noahmelrose/Documents/Unreal Projects/Persona/Content/Locomotion/Characters/Mannequin/Animations/AimOffsets/ALS_N_AO_R90.uasset" 414
"../../../../../../noahmelrose/Documents/Unreal Projects/Persona/Content/Locomotion/Characters/Mannequin/Animations/AimOffsets/ALS_N_AO_RD180.uasset" 415
"../../../../../../noahmelrose/Documents/Unreal Projects/Persona/Content/Locomotion/Characters/Mannequin/Animations/AimOffsets/ALS_N_AO_RD90.uasset" 416
"../../../../../../noahmelrose/Documents/Unreal Projects/Persona/Content/Locomotion/Characters/Mannequin/Animations/AimOffsets/ALS_N_AO_RU180.uasset" 417
"../../../../../../noahmelrose/Documents/Unreal Projects/Persona/Content/Locomotion/Characters/Mannequin/Animations/AimOffsets/ALS_N_AO_RU90.uasset" 418
"../../../../../../noahmelrose/Documents/Unreal Projects/Persona/Content/Locomotion/Characters/Mannequin/Animations/AimOffsets/ALS_N_AO.uasset" 419
"../../../../../../noahmelrose/Documents/Unreal Projects/Persona/Content/Locomotion/Characters/Mannequin/Animations/GettingUp/ALS_CLF_GetUpFromBack.uasset" 420
"../../../../../../noahmelrose/Documents/Unreal Projects/Persona/Content/Locomotion/Characters/Mannequin/Animations/GettingUp/ALS_CLF_GetUpFromBack_Montage.uasset" 421
"../../../../../../noahmelrose/Documents/Unreal Projects/Persona/Content/Locomotion/Characters/Mannequin/Animations/GettingUp/ALS_CLF_GetUpFromFront.uasset" 422
"../../../../../../noahmelrose/Documents/Unreal Projects/Persona/Content/Locomotion/Characters/Mannequin/Animations/GettingUp/ALS_CLF_GetUpFromFront_Montage.uasset" 423
"../../../../../../noahmelrose/Documents/Unreal Projects/Persona/Content/Locomotion/Blueprints/Curves/TurnInPlaceCurves/C_Turn_L90.uasset" 424
"../../../../../../noahmelrose/Documents/Unreal Projects/Persona/Content/Locomotion/Characters/Mannequin/Animations/TurnInPlace/ALS_CLF_Turn_L90.uasset" 425
"../../../../../../noahmelrose/Documents/Unreal Projects/Persona/Content/Locomotion/Characters/Mannequin/Animations/TurnInPlace/ALS_CLF_Turn_L90_Montage.uasset" 426
"../../../../../../noahmelrose/Documents/Unreal Projects/Persona/Content/Locomotion/Blueprints/Curves/TurnInPlaceCurves/C_Turn_R90.uasset" 427
"../../../../../../noahmelrose/Documents/Unreal Projects/Persona/Content/Locomotion/Characters/Mannequin/Animations/TurnInPlace/ALS_CLF_Turn_R90.uasset" 428
"../../../../../../noahmelrose/Documents/Unreal Projects/Persona/Content/Locomotion/Characters/Mannequin/Animations/TurnInPlace/ALS_CLF_Turn_R90_Montage.uasset" 429
"../../../../../../noahmelrose/Documents/Unreal Projects/Persona/Content/Locomotion/Characters/Mannequin/Animations/TurnInPlace/ALS_CRF_Turn_L90.uasset" 430
"../../../../../../noahmelrose/Documents/Unreal Projects/Persona/Content/Locomotion/Characters/Mannequin/Animations/TurnInPlace/ALS_CRF_Turn_L90_Montage.uasset" 431
"../../../../../../noahmelrose/Documents/Unreal Projects/Persona/Content/Locomotion/Characters/Mannequin/Animations/TurnInPlace/ALS_CRF_Turn_R90.uasset" 432
"../../../../../../noahmelrose/Documents/Unreal Projects/Persona/Content/Locomotion/Characters/Mannequin/Animations/TurnInPlace/ALS_CRF_Turn_R90_Montage.uasset" 433
"../../../../../../noahmelrose/Documents/Unreal Projects/Persona/Content/Locomotion/Characters/Mannequin/Animations/TurnInPlace/ALS_LF_Turn_L90.uasset" 434
"../../../../../../noahmelrose/Documents/Unreal Projects/Persona/Content/Locomotion/Characters/Mannequin/Animations/TurnInPlace/ALS_LF_Turn_L90_Montage.uasset" 435
"../../../../../../noahmelrose/Documents/Unreal Projects/Persona/Content/Locomotion/Characters/Mannequin/Animations/TurnInPlace/ALS_LF_Turn_R90.uasset" 436
"../../../../../../noahmelrose/Documents/Unreal Projects/Persona/Content/Locomotion/Characters/Mannequin/Animations/TurnInPlace/ALS_LF_Turn_R90_Montage.uasset" 437
"../../../../../../noahmelrose/Documents/Unreal Projects/Persona/Content/Locomotion/Blueprints/Curves/TurnInPlaceCurves/Turn_L180.uasset" 438
"../../../../../../noahmelrose/Documents/Unreal Projects/Persona/Content/Locomotion/Characters/Mannequin/Animations/TurnInPlace/ALS_N_Turn_L180.uasset" 439
"../../../../../../noahmelrose/Documents/Unreal Projects/Persona/Content/Locomotion/Characters/Mannequin/Animations/TurnInPlace/ALS_N_Turn_L180_Montage.uasset" 440
"../../../../../../noahmelrose/Documents/Unreal Projects/Persona/Content/Locomotion/Blueprints/Curves/TurnInPlaceCurves/Turn_R180.uasset" 441
"../../../../../../noahmelrose/Documents/Unreal Projects/Persona/Content/Locomotion/Characters/Mannequin/Animations/TurnInPlace/ALS_N_Turn_R180.uasset" 442
"../../../../../../noahmelrose/Documents/Unreal Projects/Persona/Content/Locomotion/Characters/Mannequin/Animations/TurnInPlace/ALS_N_Turn_R180_Montage.uasset" 443
"../../../../../../noahmelrose/Documents/Unreal Projects/Persona/Content/Locomotion/Characters/Mannequin/Animations/TurnInPlace/ALS_RF_Turn_L90.uasset" 444
"../../../../../../noahmelrose/Documents/Unreal Projects/Persona/Content/Locomotion/Characters/Mannequin/Animations/TurnInPlace/ALS_RF_Turn_L90_Montage.uasset" 445
"../../../../../../noahmelrose/Documents/Unreal Projects/Persona/Content/Locomotion/Characters/Mannequin/Animations/TurnInPlace/ALS_RF_Turn_R90.uasset" 446
"../../../../../../noahmelrose/Documents/Unreal Projects/Persona/Content/Locomotion/Characters/Mannequin/Animations/TurnInPlace/ALS_RF_Turn_R90_Montage.uasset" 447
"../../../../../../noahmelrose/Documents/Unreal Projects/Persona/Content/Locomotion/Characters/Mannequin/Animations/Idles/ALS_CLF_Idle_Pose.uasset" 448
"../../../../../../noahmelrose/Documents/Unreal Projects/Persona/Content/Locomotion/Characters/Mannequin/Animations/Idles/ALS_CLF_Idle_Additive.uasset" 449
"../../../../../../noahmelrose/Documents/Unreal Projects/Persona/Content/Locomotion/Characters/Mannequin/Animations/Idles/ALS_CRF_Idle_Pose.uasset" 450
"../../../../../../noahmelrose/Documents/Unreal Projects/Persona/Content/Locomotion/Characters/Mannequin/Animations/Idles/ALS_CRF_Idle_Additive.uasset" 451
"../../../../../../noahmelrose/Documents/Unreal Projects/Persona/Content/Locomotion/Characters/Mannequin/Animations/Idles/ALS_LF_Idle_Pose.uasset" 452
"../../../../../../noahmelrose/Documents/Unreal Projects/Persona/Content/Locomotion/Characters/Mannequin/Animations/Idles/ALS_N_Idle_Additive.uasset" 453
"../../../../../../noahmelrose/Documents/Unreal Projects/Persona/Content/Locomotion/Characters/Mannequin/Animations/Idles/ALS_RF_Idle_Pose.uasset" 454
"../../../../../../noahmelrose/Documents/Unreal Projects/Persona/Content/Locomotion/Characters/Mannequin/Animations/Idles/Transitions/ALS_CLF_to_CRF_Idle.uasset" 455
"../../../../../../noahmelrose/Documents/Unreal Projects/Persona/Content/Locomotion/Characters/Mannequin/Animations/Idles/Transitions/ALS_CRF_to_CLF_Idle.uasset" 456
"../../../../../../noahmelrose/Documents/Unreal Projects/Persona/Content/Locomotion/Characters/Mannequin/Animations/Idles/Transitions/ALS_LF_to_CLF_Idle.uasset" 457
"../../../../../../noahmelrose/Documents/Unreal Projects/Persona/Content/Locomotion/Characters/Mannequin/Animations/Idles/Transitions/ALS_LF_to_RF_Idle.uasset" 458
"../../../../../../noahmelrose/Documents/Unreal Projects/Persona/Content/Locomotion/Characters/Mannequin/Animations/Idles/Transitions/ALS_N_to_CLF_Idle.uasset" 459
"../../../../../../noahmelrose/Documents/Unreal Projects/Persona/Content/Locomotion/Characters/Mannequin/Animations/Idles/Transitions/ALS_N_to_CRF_Idle.uasset" 460
"../../../../../../noahmelrose/Documents/Unreal Projects/Persona/Content/Locomotion/Characters/Mannequin/Animations/Idles/Transitions/ALS_N_to_LF_Idle.uasset" 461
"../../../../../../noahmelrose/Documents/Unreal Projects/Persona/Content/Locomotion/Characters/Mannequin/Animations/Idles/Transitions/ALS_N_to_RF_Idle.uasset" 462
"../../../../../../noahmelrose/Documents/Unreal Projects/Persona/Content/Locomotion/Characters/Mannequin/Animations/Idles/Transitions/ALS_RF_to_CRF_Idle.uasset" 463
"../../../../../../noahmelrose/Documents/Unreal Projects/Persona/Content/Locomotion/Characters/Mannequin/Animations/InAir/ALS_Curl.uasset" 464
"../../../../../../noahmelrose/Documents/Unreal Projects/Persona/Content/Locomotion/Characters/Mannequin/Animations/InAir/ALS_Flail.uasset" 465
"../../../../../../noahmelrose/Documents/Unreal Projects/Persona/Content/Locomotion/Characters/Mannequin/Animations/InAir/ALS_N_AdditiveLandCompression.uasset" 466
"../../../../../../noahmelrose/Documents/Unreal Projects/Persona/Content/Locomotion/Characters/Mannequin/Animations/InAir/ALS_N_FallLoop.uasset" 467
"../../../../../../noahmelrose/Documents/Unreal Projects/Persona/Content/Locomotion/Characters/Mannequin/Animations/InAir/ALS_N_Jump.uasset" 468
"../../../../../../noahmelrose/Documents/Unreal Projects/Persona/Content/Locomotion/Characters/Mannequin/Animations/InAir/ALS_N_Land.uasset" 469
"../../../../../../noahmelrose/Documents/Unreal Projects/Persona/Content/Locomotion/Blueprints/AnimNotifys/Pivot_AnimNotifyState.uasset" 470
"../../../../../../noahmelrose/Documents/Unreal Projects/Persona/Content/Locomotion/Characters/Mannequin/Animations/Pivots/ALS_LF_Pivot_B.uasset" 471
"../../../../../../noahmelrose/Documents/Unreal Projects/Persona/Content/Locomotion/Characters/Mannequin/Animations/Pivots/ALS_LF_Pivot_F.uasset" 472
"../../../../../../noahmelrose/Documents/Unreal Projects/Persona/Content/Locomotion/Characters/Mannequin/Animations/Pivots/ALS_LF_Pivot_L.uasset" 473
"../../../../../../noahmelrose/Documents/Unreal Projects/Persona/Content/Locomotion/Characters/Mannequin/Animations/Pivots/ALS_LF_Pivot_R.uasset" 474
"../../../../../../noahmelrose/Documents/Unreal Projects/Persona/Content/Locomotion/Characters/Mannequin/Animations/Pivots/ALS_RF_Pivot_B.uasset" 475
"../../../../../../noahmelrose/Documents/Unreal Projects/Persona/Content/Locomotion/Characters/Mannequin/Animations/Pivots/ALS_RF_Pivot_F.uasset" 476
"../../../../../../noahmelrose/Documents/Unreal Projects/Persona/Content/Locomotion/Characters/Mannequin/Animations/Pivots/ALS_RF_Pivot_L.uasset" 477
"../../../../../../noahmelrose/Documents/Unreal Projects/Persona/Content/Locomotion/Characters/Mannequin/Animations/Pivots/ALS_RF_Pivot_R.uasset" 478
"../../../../../../noahmelrose/Documents/Unreal Projects/Persona/Content/Locomotion/Characters/Mannequin/Animations/Stopping/ALS_CLF_Stop.uasset" 479
"../../../../../../noahmelrose/Documents/Unreal Projects/Persona/Content/Locomotion/Characters/Mannequin/Animations/Stopping/ALS_CRF_Stop.uasset" 480
"../../../../../../noahmelrose/Documents/Unreal Projects/Persona/Content/Locomotion/Characters/Mannequin/Animations/AdditivePoses/ALS_N_Idle_Additive_Pose.uasset" 481
"../../../../../../noahmelrose/Documents/Unreal Projects/Persona/Content/Locomotion/Characters/Mannequin/Animations/AdditivePoses/ALS_N_Lean_B_Pose.uasset" 482
"../../../../../../noahmelrose/Documents/Unreal Projects/Persona/Content/Locomotion/Characters/Mannequin/Animations/AdditivePoses/ALS_N_Lean_F_Pose.uasset" 483
"../../../../../../noahmelrose/Documents/Unreal Projects/Persona/Content/Locomotion/Characters/Mannequin/Animations/AdditivePoses/ALS_N_Lean_L_Pose.uasset" 484
"../../../../../../noahmelrose/Documents/Unreal Projects/Persona/Content/Locomotion/Characters/Mannequin/Animations/AdditivePoses/ALS_N_Lean_R_Pose.uasset" 485
"../../../../../../noahmelrose/Documents/Unreal Projects/Persona/Content/Locomotion/Characters/Mannequin/Animations/AdditivePoses/ALS_N_Lean_Grounded.uasset" 486
"../../../../../../noahmelrose/Documents/Unreal Projects/Persona/Content/Locomotion/Characters/Mannequin/Animations/AdditivePoses/ALS_N_InAir_Additive_Pose.uasset" 487
"../../../../../../noahmelrose/Documents/Unreal Projects/Persona/Content/Locomotion/Characters/Mannequin/Animations/AdditivePoses/ALS_N_InAIr_Lean_B_Pose.uasset" 488
"../../../../../../noahmelrose/Documents/Unreal Projects/Persona/Content/Locomotion/Characters/Mannequin/Animations/AdditivePoses/ALS_N_InAIr_Lean_F_Pose.uasset" 489
"../../../../../../noahmelrose/Documents/Unreal Projects/Persona/Content/Locomotion/Characters/Mannequin/Animations/AdditivePoses/ALS_N_InAIr_Lean_L_Pose.uasset" 490
"../../../../../../noahmelrose/Documents/Unreal Projects/Persona/Content/Locomotion/Characters/Mannequin/Animations/AdditivePoses/ALS_N_InAIr_Lean_R_Pose.uasset" 491
"../../../../../../noahmelrose/Documents/Unreal Projects/Persona/Content/Locomotion/Characters/Mannequin/Animations/AdditivePoses/ALS_N_Lean_InAir.uasset" 492
"../../../../../../noahmelrose/Documents/Unreal Projects/Persona/Content/Locomotion/Characters/Mannequin/Animations/Locomotion/ALS_LF_Walk_B.uasset" 493
"../../../../../../noahmelrose/Documents/Unreal Projects/Persona/Content/Locomotion/Characters/Mannequin/Animations/Locomotion/ALS_LF_Walk_F.uasset" 494
"../../../../../../noahmelrose/Documents/Unreal Projects/Persona/Content/Locomotion/Characters/Mannequin/Animations/Locomotion/ALS_LF_Walk_L.uasset" 495
"../../../../../../noahmelrose/Documents/Unreal Projects/Persona/Content/Locomotion/Characters/Mannequin/Animations/Locomotion/ALS_LF_Walk_R.uasset" 496
"../../../../../../noahmelrose/Documents/Unreal Projects/Persona/Content/Locomotion/Characters/Mannequin/Animations/Locomotion/ALS_N_Run_B.uasset" 497
"../../../../../../noahmelrose/Documents/Unreal Projects/Persona/Content/Locomotion/Characters/Mannequin/Animations/Locomotion/ALS_N_Run_BL.uasset" 498
"../../../../../../noahmelrose/Documents/Unreal Projects/Persona/Content/Locomotion/Characters/Mannequin/Animations/Locomotion/ALS_N_Run_F.uasset" 499
"../../../../../../noahmelrose/Documents/Unreal Projects/Persona/Content/Locomotion/Characters/Mannequin/Animations/Locomotion/ALS_N_Run_FL.uasset" 500
"../../../../../../noahmelrose/Documents/Unreal Projects/Persona/Content/Locomotion/Characters/Mannequin/Animations/Locomotion/ALS_N_Run_FR.uasset" 501
"../../../../../../noahmelrose/Documents/Unreal Projects/Persona/Content/Locomotion/Blueprints/AnimNotifys/CameraShake_AnimNotify.uasset" 502
"../../../../../../noahmelrose/Documents/Unreal Projects/Persona/Content/Locomotion/Blueprints/Misc/Sprint_CameraShake.uasset" 503
"../../../../../../noahmelrose/Documents/Unreal Projects/Persona/Content/Locomotion/Characters/Mannequin/Animations/Locomotion/ALS_N_Sprint_F.uasset" 504
"../../../../../../noahmelrose/Documents/Unreal Projects/Persona/Content/Locomotion/Characters/Mannequin/Animations/Locomotion/ALS_LF_Locomotion.uasset" 505
"../../../../../../noahmelrose/Documents/Unreal Projects/Persona/Content/Locomotion/Characters/Mannequin/Animations/Locomotion/ALS_N_Run_BR.uasset" 506
"../../../../../../noahmelrose/Documents/Unreal Projects/Persona/Content/Locomotion/Characters/Mannequin/Animations/Locomotion/ALS_N_Walk_B.uasset" 507
"../../../../../../noahmelrose/Documents/Unreal Projects/Persona/Content/Locomotion/Characters/Mannequin/Animations/Locomotion/ALS_N_Walk_BL.uasset" 508
"../../../../../../noahmelrose/Documents/Unreal Projects/Persona/Content/Locomotion/Characters/Mannequin/Animations/Locomotion/ALS_N_Walk_BL_135.uasset" 509
"../../../../../../noahmelrose/Documents/Unreal Projects/Persona/Content/Locomotion/Characters/Mannequin/Animations/Locomotion/ALS_N_Walk_BR.uasset" 510
"../../../../../../noahmelrose/Documents/Unreal Projects/Persona/Content/Locomotion/Characters/Mannequin/Animations/Locomotion/ALS_N_Walk_BR_135.uasset" 511
"../../../../../../noahmelrose/Documents/Unreal Projects/Persona/Content/Locomotion/Characters/Mannequin/Animations/Locomotion/ALS_N_Walk_F.uasset" 512
"../../../../../../noahmelrose/Documents/Unreal Projects/Persona/Content/Locomotion/Characters/Mannequin/Animations/Locomotion/ALS_N_Locomotion_B.uasset" 513
"../../../../../../noahmelrose/Documents/Unreal Projects/Persona/Content/Locomotion/Characters/Mannequin/Animations/Locomotion/ALS_N_Locomotion_B_Upper.uasset" 514
"../../../../../../noahmelrose/Documents/Unreal Projects/Persona/Content/Locomotion/Characters/Mannequin/Animations/Locomotion/ALS_N_Walk_FL.uasset" 515
"../../../../../../noahmelrose/Documents/Unreal Projects/Persona/Content/Locomotion/Characters/Mannequin/Animations/Locomotion/ALS_N_Walk_FL_45.uasset" 516
"../../../../../../noahmelrose/Documents/Unreal Projects/Persona/Content/Locomotion/Characters/Mannequin/Animations/Locomotion/ALS_N_Walk_FR.uasset" 517
"../../../../../../noahmelrose/Documents/Unreal Projects/Persona/Content/Locomotion/Characters/Mannequin/Animations/Locomotion/ALS_N_Walk_FR_45.uasset" 518
"../../../../../../noahmelrose/Documents/Unreal Projects/Persona/Content/Locomotion/Characters/Mannequin/Animations/Locomotion/ALS_N_Locomotion_F.uasset" 519
"../../../../../../noahmelrose/Documents/Unreal Projects/Persona/Content/Locomotion/Characters/Mannequin/Animations/Locomotion/ALS_N_Locomotion_F_90.uasset" 520
"../../../../../../noahmelrose/Documents/Unreal Projects/Persona/Content/Locomotion/Characters/Mannequin/Animations/Locomotion/ALS_N_Locomotion_F_Upper.uasset" 521
"../../../../../../noahmelrose/Documents/Unreal Projects/Persona/Content/Locomotion/Characters/Mannequin/Animations/Locomotion/ALS_RF_Walk_B.uasset" 522
"../../../../../../noahmelrose/Documents/Unreal Projects/Persona/Content/Locomotion/Characters/Mannequin/Animations/Locomotion/ALS_RF_Walk_F.uasset" 523
"../../../../../../noahmelrose/Documents/Unreal Projects/Persona/Content/Locomotion/Characters/Mannequin/Animations/Locomotion/ALS_RF_Walk_L.uasset" 524
"../../../../../../noahmelrose/Documents/Unreal Projects/Persona/Content/Locomotion/Characters/Mannequin/Animations/Locomotion/ALS_RF_Walk_R.uasset" 525
"../../../../../../noahmelrose/Documents/Unreal Projects/Persona/Content/Locomotion/Characters/Mannequin/Animations/Locomotion/ALS_RF_Locomotion.uasset" 526
"../../../../../../noahmelrose/Documents/Unreal Projects/Persona/Content/Locomotion/Characters/Mannequin/Animations/Stopping/ALS_LF_Stop_0_LF.uasset" 527
"../../../../../../noahmelrose/Documents/Unreal Projects/Persona/Content/Locomotion/Characters/Mannequin/Animations/Stopping/ALS_LF_Stop_0_RF.uasset" 528
"../../../../../../noahmelrose/Documents/Unreal Projects/Persona/Content/Locomotion/Characters/Mannequin/Animations/Stopping/ALS_LF_Stop_90_LF.uasset" 529
"../../../../../../noahmelrose/Documents/Unreal Projects/Persona/Content/Locomotion/Characters/Mannequin/Animations/Stopping/ALS_LF_Stop_90_RF.uasset" 530
"../../../../../../noahmelrose/Documents/Unreal Projects/Persona/Content/Locomotion/Characters/Mannequin/Animations/Stopping/ALS_LF_Stop.uasset" 531
"../../../../../../noahmelrose/Documents/Unreal Projects/Persona/Content/Locomotion/Characters/Mannequin/Animations/Stopping/ALS_N_Stop_-90_LF.uasset" 532
"../../../../../../noahmelrose/Documents/Unreal Projects/Persona/Content/Locomotion/Characters/Mannequin/Animations/Stopping/ALS_N_Stop_-90_LF0.uasset" 533
"../../../../../../noahmelrose/Documents/Unreal Projects/Persona/Content/Locomotion/Characters/Mannequin/Animations/Stopping/ALS_N_Stop_0_LF.uasset" 534
"../../../../../../noahmelrose/Documents/Unreal Projects/Persona/Content/Locomotion/Characters/Mannequin/Animations/Stopping/ALS_N_Stop_90_LF.uasset" 535
"../../../../../../noahmelrose/Documents/Unreal Projects/Persona/Content/Locomotion/Characters/Mannequin/Animations/Stopping/ALS_N_Stop_90_LF0.uasset" 536
"../../../../../../noahmelrose/Documents/Unreal Projects/Persona/Content/Locomotion/Characters/Mannequin/Animations/Stopping/ALS_N_Stop_LF.uasset" 537
"../../../../../../noahmelrose/Documents/Unreal Projects/Persona/Content/Locomotion/Characters/Mannequin/Animations/Stopping/ALS_N_Stop_-90_RF.uasset" 538
"../../../../../../noahmelrose/Documents/Unreal Projects/Persona/Content/Locomotion/Characters/Mannequin/Animations/Stopping/ALS_N_Stop_-90_RF0.uasset" 539
"../../../../../../noahmelrose/Documents/Unreal Projects/Persona/Content/Locomotion/Characters/Mannequin/Animations/Stopping/ALS_N_Stop_0_RF.uasset" 540
"../../../../../../noahmelrose/Documents/Unreal Projects/Persona/Content/Locomotion/Characters/Mannequin/Animations/Stopping/ALS_N_Stop_90_RF.uasset" 541
"../../../../../../noahmelrose/Documents/Unreal Projects/Persona/Content/Locomotion/Characters/Mannequin/Animations/Stopping/ALS_N_Stop_90_RF0.uasset" 542
"../../../../../../noahmelrose/Documents/Unreal Projects/Persona/Content/Locomotion/Characters/Mannequin/Animations/Stopping/ALS_N_Stop_RF.uasset" 543
"../../../../../../noahmelrose/Documents/Unreal Projects/Persona/Content/Locomotion/Characters/Mannequin/Animations/Stopping/ALS_RF_Stop_0_LF.uasset" 544
"../../../../../../noahmelrose/Documents/Unreal Projects/Persona/Content/Locomotion/Characters/Mannequin/Animations/Stopping/ALS_RF_Stop_0_RF.uasset" 545
"../../../../../../noahmelrose/Documents/Unreal Projects/Persona/Content/Locomotion/Characters/Mannequin/Animations/Stopping/ALS_RF_Stop_90_LF.uasset" 546
"../../../../../../noahmelrose/Documents/Unreal Projects/Persona/Content/Locomotion/Characters/Mannequin/Animations/Stopping/ALS_RF_Stop_90_RF.uasset" 547
"../../../../../../noahmelrose/Documents/Unreal Projects/Persona/Content/Locomotion/Characters/Mannequin/Animations/Stopping/ALS_RF_Stop.uasset" 548
"../../../../../../noahmelrose/Documents/Unreal Projects/Persona/Content/Locomotion/Characters/Mannequin/Animations/Locomotion/ALS_CLF_Walk_B.uasset" 549
"../../../../../../noahmelrose/Documents/Unreal Projects/Persona/Content/Locomotion/Characters/Mannequin/Animations/Locomotion/ALS_CLF_Walk_F.uasset" 550
"../../../../../../noahmelrose/Documents/Unreal Projects/Persona/Content/Locomotion/Characters/Mannequin/Animations/Locomotion/ALS_CLF_Walk_L.uasset" 551
"../../../../../../noahmelrose/Documents/Unreal Projects/Persona/Content/Locomotion/Characters/Mannequin/Animations/Locomotion/ALS_CLF_Walk_R.uasset" 552
"../../../../../../noahmelrose/Documents/Unreal Projects/Persona/Content/Locomotion/Characters/Mannequin/Animations/Locomotion/ALS_CLF_Locomotion.uasset" 553
"../../../../../../noahmelrose/Documents/Unreal Projects/Persona/Content/Locomotion/Characters/Mannequin/Animations/Locomotion/ALS_CRF_Walk_B.uasset" 554
"../../../../../../noahmelrose/Documents/Unreal Projects/Persona/Content/Locomotion/Characters/Mannequin/Animations/Locomotion/ALS_CRF_Walk_F.uasset" 555
"../../../../../../noahmelrose/Documents/Unreal Projects/Persona/Content/Locomotion/Characters/Mannequin/Animations/Locomotion/ALS_CRF_Walk_L.uasset" 556
"../../../../../../noahmelrose/Documents/Unreal Projects/Persona/Content/Locomotion/Characters/Mannequin/Animations/Locomotion/ALS_CRF_Walk_R.uasset" 557
"../../../../../../noahmelrose/Documents/Unreal Projects/Persona/Content/Locomotion/Characters/Mannequin/Animations/Locomotion/ALS_CRF_Locomotion.uasset" 558
"../../../../../../noahmelrose/Documents/Unreal Projects/Persona/Content/Locomotion/Blueprints/Curves/AnimBlendCurves/FlailAlphaCurve.uasset" 559
"../../../../../../noahmelrose/Documents/Unreal Projects/Persona/Content/Locomotion/Blueprints/Curves/AnimBlendCurves/LandPredictionAlphaCurve.uasset" 560
"../../../../../../noahmelrose/Documents/Unreal Projects/Persona/Content/Locomotion/Blueprints/Curves/TransitionCurves/IdleTransition.uasset" 561
"../../../../../../noahmelrose/Documents/Unreal Projects/Persona/Content/Locomotion/Blueprints/Structs/TurnAnims.uasset" 562
"../../../../../../noahmelrose/Documents/Unreal Projects/Persona/Content/Locomotion/Blueprints/Enums/LocomotionState.uasset" 563
"../../../../../../noahmelrose/Documents/Unreal Projects/Persona/Content/Locomotion/Characters/Mannequin/Mannequin_AnimBP.uasset" 564
"../../../Engine/Content/Functions/Engine_MaterialFunctions02/Utility/BlendAngleCorrectedNormals.uasset" 565
"../../../Engine/Content/Functions/MaterialLayerFunctions/MatLayerBlend_NormalBlend.uasset" 566
"../../../Engine/Content/Functions/MaterialLayerFunctions/MatLayerBlend_Simple.uasset" 567
"../../../../../../noahmelrose/Documents/Unreal Projects/Persona/Content/Locomotion/Characters/Mannequin/Materials/MaterialLayers/T_ML_Rubber_Blue_01_D.uasset" 568
"../../../../../../noahmelrose/Documents/Unreal Projects/Persona/Content/Locomotion/Characters/Mannequin/Materials/MaterialLayers/T_ML_Rubber_Blue_01_N.uasset" 569
"../../../../../../noahmelrose/Documents/Unreal Projects/Persona/Content/Locomotion/Characters/Mannequin/Materials/MaterialLayers/ML_GlossyBlack_Latex_UE4.uasset" 570
"../../../../../../noahmelrose/Documents/Unreal Projects/Persona/Content/Locomotion/Characters/Mannequin/Materials/MaterialLayers/ML_Plastic_Shiny_Beige.uasset" 571
"../../../../../../noahmelrose/Documents/Unreal Projects/Persona/Content/Locomotion/Characters/Mannequin/Materials/Textures/UE4_LOGO_CARD.uasset" 572
"../../../../../../noahmelrose/Documents/Unreal Projects/Persona/Content/Locomotion/Characters/Mannequin/Materials/MaterialLayers/ML_Plastic_Shiny_Beige_LOGO.uasset" 573
"../../../../../../noahmelrose/Documents/Unreal Projects/Persona/Content/Locomotion/Characters/Mannequin/Materials/MaterialLayers/T_ML_Aluminum01.uasset" 574
"../../../../../../noahmelrose/Documents/Unreal Projects/Persona/Content/Locomotion/Characters/Mannequin/Materials/MaterialLayers/T_ML_Aluminum01_N.uasset" 575
"../../../../../../noahmelrose/Documents/Unreal Projects/Persona/Content/Locomotion/Characters/Mannequin/Materials/MaterialLayers/ML_SoftMetal_UE4.uasset" 576
"../../../../../../noahmelrose/Documents/Unreal Projects/Persona/Content/Locomotion/Characters/Mannequin/Materials/Textures/UE4_Mannequin__normals.uasset" 577
"../../../../../../noahmelrose/Documents/Unreal Projects/Persona/Content/Locomotion/Characters/Mannequin/Materials/Textures/UE4_Mannequin_MAT_MASKA.uasset" 578
"../../../../../../noahmelrose/Documents/Unreal Projects/Persona/Content/Locomotion/Characters/Mannequin/Materials/M_UE4Man_Body.uasset" 579
"../../../../../../noahmelrose/Documents/Unreal Projects/Persona/Content/Locomotion/Characters/Mannequin/Materials/M_UE4Man_Body_White.uasset" 580
"../../../../../../noahmelrose/Documents/Unreal Projects/Persona/Content/Locomotion/Characters/Mannequin/Materials/Textures/UE4Man_Logo_N.uasset" 581
"../../../../../../noahmelrose/Documents/Unreal Projects/Persona/Content/Locomotion/Characters/Mannequin/Materials/M_UE4Man_ChestLogo.uasset" 582
"../../../../../../noahmelrose/Documents/Unreal Projects/Persona/Content/Locomotion/Characters/Mannequin/Materials/M_UE4Man_ChestLogo_White.uasset" 583
"../../../../../../noahmelrose/Documents/Unreal Projects/Persona/Content/Locomotion/Characters/Mannequin/Mannequin_IK_AnimBP.uasset" 584
"../../../../../../noahmelrose/Documents/Unreal Projects/Persona/Content/Locomotion/Characters/Mannequin/Mannequin_PhysicsAsset.uasset" 585
"../../../../../../noahmelrose/Documents/Unreal Projects/Persona/Content/Locomotion/Characters/Mannequin/Mannequin.uasset" 586
"../../../../../../noahmelrose/Documents/Unreal Projects/Persona/Content/Locomotion/Blueprints/MannequinCharacter.uasset" 587
"../../../../../../noahmelrose/Documents/Unreal Projects/Persona/Content/Locomotion/Maps/Materials/CollectionParameters/M_Floor_Params.uasset" 588
"../../../../../../noahmelrose/Documents/Unreal Projects/Persona/Content/Locomotion/Maps/Materials/CollectionParameters/M_Landscape_Params.uasset" 589
"../../../../../../noahmelrose/Documents/Unreal Projects/Persona/Content/Locomotion/Maps/Materials/CollectionParameters/M_Platform_Params.uasset" 590
"../../../../../../noahmelrose/Documents/Unreal Projects/Persona/Content/Locomotion/Maps/Materials/CollectionParameters/M_Stairs_Params.uasset" 591
"../../../../../../noahmelrose/Documents/Unreal Projects/Persona/Content/Locomotion/Maps/Materials/CollectionParameters/M_Walls_Params.uasset" 592
"../../../../../../noahmelrose/Documents/Unreal Projects/Persona/Content/Locomotion/Maps/ALS_LevelColorManager.uasset" 593
"../../../Engine/Content/EngineSky/C_Sky_Cloud_Color.uasset" 594
"../../../Engine/Content/EngineSky/C_Sky_Horizon_Color.uasset" 595
"../../../Engine/Content/EngineSky/C_Sky_Zenith_Color.uasset" 596
"../../../Engine/Content/EngineSky/T_Sky_Blue.uasset" 597
"../../../Engine/Content/EngineSky/T_Sky_Clouds_M.uasset" 598
"../../../Engine/Content/EngineSky/T_Sky_Stars.uasset" 599
"../../../Engine/Content/EngineSky/M_Sky_Panning_Clouds2.uasset" 600
"../../../Engine/Content/EngineSky/SM_SkySphere.uasset" 601
"../../../Engine/Content/EngineSky/BP_Sky_Sphere.uasset" 602
"../../../../../../noahmelrose/Documents/Unreal Projects/Persona/Content/Locomotion/Maps/ALS_GameMode_SP.uasset" 603
"../../../../../../noahmelrose/Documents/Unreal Projects/Persona/Content/Cinematics/BackgroundAnim.uasset" 604
"../../../../../../noahmelrose/Documents/Unreal Projects/Persona/Content/Locomotion/Maps/Main_Menu_BuiltData.uasset" 605
"../../../../../../noahmelrose/Documents/Unreal Projects/Persona/Content/Locomotion/Characters/Mannequin/Materials/M_UE4Man_Body_Red.uasset" 606
"../../../../../../noahmelrose/Documents/Unreal Projects/Persona/Content/Locomotion/Characters/Mannequin/Materials/M_UE4Man_ChestLogo_Red.uasset" 607
"../../Plugins/Marketplace/UIWS/Content/Materials/MaterialFunctions/MF_WaterDepthColorization.uasset" 608
"../../Plugins/Marketplace/UIWS/Content/Materials/MF_DefaultLake.uasset" 609
"../../Plugins/Marketplace/UIWS/Content/Materials/Simulation/UIWSWaterMaterial.uasset" 610
"../../Plugins/Marketplace/UIWS/Content/Materials/Simulation/UIWSWaterMaterial_Inst.uasset" 611
"../../Plugins/Marketplace/UIWS/Content/Materials/Simulation/UIWSWaterMaterialInst_LOD1.uasset" 612
"../../../../../../noahmelrose/Documents/Unreal Projects/Persona/Content/Locomotion/Maps/Materials/Textures/T_Tiles_M.uasset" 613
"../../../../../../noahmelrose/Documents/Unreal Projects/Persona/Content/Locomotion/Maps/Materials/Textures/T_Tiles_N.uasset" 614
"../../../../../../noahmelrose/Documents/Unreal Projects/Persona/Content/Locomotion/Maps/Materials/M_Platforms.uasset" 615
"../../../../../../noahmelrose/Documents/Unreal Projects/Persona/Content/Locomotion/Maps/Meshes/Platform.uasset" 616
"../../../../../../noahmelrose/Documents/Unreal Projects/Persona/Content/MainMenu/UI/Logo.uasset" 617
"../../../../../../noahmelrose/Documents/Unreal Projects/Persona/Content/MainMenu/UI/VignetteBackdrop.uasset" 618
"../../../../../../noahmelrose/Documents/Unreal Projects/Persona/Content/MainMenu/Widgets/MenuBackdrop.uasset" 619
"../../../../../../noahmelrose/Documents/Unreal Projects/Persona/Content/MainMenu/Widgets/MenuFade.uasset" 620
"../../../../../../noahmelrose/Documents/Unreal Projects/Persona/Content/Fonts/IwonaHeavy-Regular.uasset" 621
"../../../../../../noahmelrose/Documents/Unreal Projects/Persona/Content/Fonts/IwonaHeavy-Regular_Font.uasset" 622
"../../../../../../noahmelrose/Documents/Unreal Projects/Persona/Content/MainMenu/UI/Button.uasset" 623
"../../../../../../noahmelrose/Documents/Unreal Projects/Persona/Content/MainMenu/Widgets/MenuSelect.uasset" 624
"../../../../../../noahmelrose/Documents/Unreal Projects/Persona/Content/MainMenu/Widgets/MenuMain.uasset" 625
"../../Plugins/Marketplace/UIWS/Content/Materials/Simulation/Meshes/UIWSMesh16x16fbx.uasset" 626
"../../../../../../noahmelrose/Documents/Unreal Projects/Persona/Content/Locomotion/Maps/Main_Menu.umap" 627
